1643639110710	mozrunner::runner	INFO	Running command: "/usr/bin/firefox" "-marionette" "-foreground" "-no-remote" "-profile" "/tmp/rust_mozprofilePRI7Q3"
console.error: Enterprise Policies: 
  Error parsing JSON file

(firefox-esr:122620): Gtk-WARNING **: 14:25:11.927: Theme directory 48@2x/places of theme astica-dark has no size field


(firefox-esr:122620): Gtk-WARNING **: 14:25:11.950: Theme directory 48/places of theme astica has no size field


(firefox-esr:122620): Gtk-WARNING **: 14:25:11.971: Theme directory 48@2x/places of theme astica has no size field

JavaScript error: resource://activity-stream/lib/Screenshots.jsm, line 127: TypeError: cache is undefined
JavaScript error: resource://activity-stream/lib/Screenshots.jsm, line 127: TypeError: cache is undefined
JavaScript error: resource://activity-stream/lib/Screenshots.jsm, line 127: TypeError: cache is undefined
JavaScript error: resource://activity-stream/lib/Screenshots.jsm, line 127: TypeError: cache is undefined
JavaScript error: resource://activity-stream/lib/Screenshots.jsm, line 127: TypeError: cache is undefined
1643639114277	Marionette	INFO	Listening on port 35049
1643639114383	Marionette	WARN	TLS certificate errors will be ignored for this session
JavaScript error: resource://activity-stream/lib/Screenshots.jsm, line 127: TypeError: cache is undefined
JavaScript error: resource://activity-stream/lib/Screenshots.jsm, line 127: TypeError: cache is undefined
JavaScript error: resource://activity-stream/lib/Screenshots.jsm, line 127: TypeError: cache is undefined
JavaScript error: resource://activity-stream/lib/Screenshots.jsm, line 127: TypeError: cache is undefined
JavaScript error: resource://activity-stream/lib/Screenshots.jsm, line 127: TypeError: cache is undefined
1643639116227	Marionette	INFO	Stopped listening on port 35049
console.error: Region.jsm: "Failed to fetch region" (new TypeError("NetworkError when attempting to fetch resource.", ""))
1643639124084	mozrunner::runner	INFO	Running command: "/usr/bin/firefox" "-marionette" "-foreground" "-no-remote" "-profile" "/tmp/rust_mozprofileTKUSMg"
console.error: Enterprise Policies: 
  Error parsing JSON file

(firefox-esr:123021): Gtk-WARNING **: 14:25:25.063: Theme directory 48@2x/places of theme astica-dark has no size field


(firefox-esr:123021): Gtk-WARNING **: 14:25:25.085: Theme directory 48/places of theme astica has no size field


(firefox-esr:123021): Gtk-WARNING **: 14:25:25.105: Theme directory 48@2x/places of theme astica has no size field

JavaScript error: resource://activity-stream/lib/Screenshots.jsm, line 127: TypeError: cache is undefined
JavaScript error: resource://activity-stream/lib/Screenshots.jsm, line 127: TypeError: cache is undefined
JavaScript error: resource://activity-stream/lib/Screenshots.jsm, line 127: TypeError: cache is undefined
JavaScript error: resource://activity-stream/lib/Screenshots.jsm, line 127: TypeError: cache is undefined
JavaScript error: resource://activity-stream/lib/Screenshots.jsm, line 127: TypeError: cache is undefined
1643639127989	Marionette	INFO	Listening on port 35151
1643639128097	Marionette	WARN	TLS certificate errors will be ignored for this session
JavaScript error: resource://activity-stream/lib/Screenshots.jsm, line 127: TypeError: cache is undefined
JavaScript error: resource://activity-stream/lib/Screenshots.jsm, line 127: TypeError: cache is undefined
JavaScript error: resource://activity-stream/lib/Screenshots.jsm, line 127: TypeError: cache is undefined
JavaScript error: resource://activity-stream/lib/Screenshots.jsm, line 127: TypeError: cache is undefined
JavaScript error: resource://activity-stream/lib/Screenshots.jsm, line 127: TypeError: cache is undefined
JavaScript error: resource://activity-stream/lib/Screenshots.jsm, line 127: TypeError: cache is undefined
JavaScript error: resource://activity-stream/lib/Screenshots.jsm, line 127: TypeError: cache is undefined
JavaScript error: resource://activity-stream/lib/Screenshots.jsm, line 127: TypeError: cache is undefined
JavaScript error: resource://activity-stream/lib/Screenshots.jsm, line 127: TypeError: cache is undefined
JavaScript error: resource://activity-stream/lib/Screenshots.jsm, line 127: TypeError: cache is undefined
JavaScript error: resource://activity-stream/lib/Screenshots.jsm, line 127: TypeError: cache is undefined
JavaScript error: resource://activity-stream/lib/Screenshots.jsm, line 127: TypeError: cache is undefined
JavaScript error: resource://activity-stream/lib/Screenshots.jsm, line 127: TypeError: cache is undefined
JavaScript error: resource://activity-stream/lib/Screenshots.jsm, line 127: TypeError: cache is undefined
JavaScript error: resource://activity-stream/lib/Screenshots.jsm, line 127: TypeError: cache is undefined
JavaScript error: resource://activity-stream/lib/Screenshots.jsm, line 127: TypeError: cache is undefined
JavaScript error: resource://activity-stream/lib/Screenshots.jsm, line 127: TypeError: cache is undefined
JavaScript error: resource://activity-stream/lib/Screenshots.jsm, line 127: TypeError: cache is undefined
JavaScript error: resource://activity-stream/lib/Screenshots.jsm, line 127: TypeError: cache is undefined
JavaScript error: resource://activity-stream/lib/Screenshots.jsm, line 127: TypeError: cache is undefined
JavaScript error: resource://activity-stream/lib/Screenshots.jsm, line 127: TypeError: cache is undefined
JavaScript error: resource://activity-stream/lib/Screenshots.jsm, line 127: TypeError: cache is undefined
JavaScript error: resource://activity-stream/lib/Screenshots.jsm, line 127: TypeError: cache is undefined
JavaScript error: resource://activity-stream/lib/Screenshots.jsm, line 127: TypeError: cache is undefined
JavaScript error: resource://activity-stream/lib/Screenshots.jsm, line 127: TypeError: cache is undefined
JavaScript error: resource://activity-stream/lib/Screenshots.jsm, line 127: TypeError: cache is undefined
JavaScript error: resource://activity-stream/lib/Screenshots.jsm, line 127: TypeError: cache is undefined
JavaScript error: resource://activity-stream/lib/Screenshots.jsm, line 127: TypeError: cache is undefined
JavaScript error: resource://activity-stream/lib/Screenshots.jsm, line 127: TypeError: cache is undefined
JavaScript error: resource://activity-stream/lib/Screenshots.jsm, line 127: TypeError: cache is undefined
1643639129888	Marionette	INFO	Stopped listening on port 35151
console.warn: services.settings: main/whats-new-panel sync interrupted by shutdown
1643677917110	mozrunner::runner	INFO	Running command: "/usr/bin/firefox" "-marionette" "-foreground" "-no-remote" "-profile" "/tmp/rust_mozprofileWRQVr7"
console.error: Enterprise Policies: 
  Error parsing JSON file

(firefox-esr:128222): Gtk-WARNING **: 01:11:58.298: Theme directory 48@2x/places of theme astica-dark has no size field


(firefox-esr:128222): Gtk-WARNING **: 01:11:58.329: Theme directory 48/places of theme astica has no size field


(firefox-esr:128222): Gtk-WARNING **: 01:11:58.361: Theme directory 48@2x/places of theme astica has no size field

JavaScript error: resource://activity-stream/lib/Screenshots.jsm, line 127: TypeError: cache is undefined
JavaScript error: resource://activity-stream/lib/Screenshots.jsm, line 127: TypeError: cache is undefined
JavaScript error: resource://activity-stream/lib/Screenshots.jsm, line 127: TypeError: cache is undefined
JavaScript error: resource://activity-stream/lib/Screenshots.jsm, line 127: TypeError: cache is undefined
JavaScript error: resource://activity-stream/lib/Screenshots.jsm, line 127: TypeError: cache is undefined
1643677921581	Marionette	INFO	Listening on port 41451
1643677921724	Marionette	WARN	TLS certificate errors will be ignored for this session
JavaScript error: resource://activity-stream/lib/Screenshots.jsm, line 127: TypeError: cache is undefined
JavaScript error: resource://activity-stream/lib/Screenshots.jsm, line 127: TypeError: cache is undefined
JavaScript error: resource://activity-stream/lib/Screenshots.jsm, line 127: TypeError: cache is undefined
JavaScript error: resource://activity-stream/lib/Screenshots.jsm, line 127: TypeError: cache is undefined
JavaScript error: resource://activity-stream/lib/Screenshots.jsm, line 127: TypeError: cache is undefined
JavaScript error: resource://activity-stream/lib/Screenshots.jsm, line 127: TypeError: cache is undefined
JavaScript error: resource://activity-stream/lib/Screenshots.jsm, line 127: TypeError: cache is undefined
JavaScript error: resource://activity-stream/lib/Screenshots.jsm, line 127: TypeError: cache is undefined
JavaScript error: resource://activity-stream/lib/Screenshots.jsm, line 127: TypeError: cache is undefined
JavaScript error: resource://activity-stream/lib/Screenshots.jsm, line 127: TypeError: cache is undefined
JavaScript error: resource://activity-stream/lib/Screenshots.jsm, line 127: TypeError: cache is undefined
JavaScript error: resource://activity-stream/lib/Screenshots.jsm, line 127: TypeError: cache is undefined
JavaScript error: resource://activity-stream/lib/Screenshots.jsm, line 127: TypeError: cache is undefined
JavaScript error: resource://activity-stream/lib/Screenshots.jsm, line 127: TypeError: cache is undefined
JavaScript error: resource://activity-stream/lib/Screenshots.jsm, line 127: TypeError: cache is undefined
JavaScript error: resource://activity-stream/lib/Screenshots.jsm, line 127: TypeError: cache is undefined
JavaScript error: resource://activity-stream/lib/Screenshots.jsm, line 127: TypeError: cache is undefined
JavaScript error: resource://activity-stream/lib/Screenshots.jsm, line 127: TypeError: cache is undefined
JavaScript error: resource://activity-stream/lib/Screenshots.jsm, line 127: TypeError: cache is undefined
JavaScript error: resource://activity-stream/lib/Screenshots.jsm, line 127: TypeError: cache is undefined
JavaScript error: resource://activity-stream/lib/Screenshots.jsm, line 127: TypeError: cache is undefined
JavaScript error: resource://activity-stream/lib/Screenshots.jsm, line 127: TypeError: cache is undefined
JavaScript error: resource://activity-stream/lib/Screenshots.jsm, line 127: TypeError: cache is undefined
JavaScript error: resource://activity-stream/lib/Screenshots.jsm, line 127: TypeError: cache is undefined
JavaScript error: resource://activity-stream/lib/Screenshots.jsm, line 127: TypeError: cache is undefined
JavaScript error: resource://activity-stream/lib/Screenshots.jsm, line 127: TypeError: cache is undefined
JavaScript error: resource://activity-stream/lib/Screenshots.jsm, line 127: TypeError: cache is undefined
JavaScript error: resource://activity-stream/lib/Screenshots.jsm, line 127: TypeError: cache is undefined
JavaScript error: resource://activity-stream/lib/Screenshots.jsm, line 127: TypeError: cache is undefined
JavaScript error: resource://activity-stream/lib/Screenshots.jsm, line 127: TypeError: cache is undefined
1643677925113	Marionette	INFO	Stopped listening on port 41451
JavaScript error: resource://gre/modules/UrlClassifierListManager.jsm, line 446: NS_ERROR_NOT_INITIALIZED: Component returned failure code: 0xc1f30001 (NS_ERROR_NOT_INITIALIZED) [nsIUrlClassifierDBService.getTables]
1643880980807	mozrunner::runner	INFO	Running command: "/usr/bin/firefox" "-marionette" "-foreground" "-no-remote" "-profile" "/tmp/rust_mozprofilemgevk3"
console.error: Enterprise Policies: 
  Error parsing JSON file

(firefox-esr:100990): Gtk-WARNING **: 09:36:21.736: Theme directory 48@2x/places of theme astica-dark has no size field


(firefox-esr:100990): Gtk-WARNING **: 09:36:21.754: Theme directory 48/places of theme astica has no size field


(firefox-esr:100990): Gtk-WARNING **: 09:36:21.774: Theme directory 48@2x/places of theme astica has no size field

JavaScript error: resource://activity-stream/lib/Screenshots.jsm, line 127: TypeError: cache is undefined
JavaScript error: resource://activity-stream/lib/Screenshots.jsm, line 127: TypeError: cache is undefined
JavaScript error: resource://activity-stream/lib/Screenshots.jsm, line 127: TypeError: cache is undefined
JavaScript error: resource://activity-stream/lib/Screenshots.jsm, line 127: TypeError: cache is undefined
JavaScript error: resource://activity-stream/lib/Screenshots.jsm, line 127: TypeError: cache is undefined
1643880983980	Marionette	INFO	Listening on port 33571
1643880983995	Marionette	WARN	TLS certificate errors will be ignored for this session
JavaScript error: resource://activity-stream/lib/Screenshots.jsm, line 127: TypeError: cache is undefined
JavaScript error: resource://activity-stream/lib/Screenshots.jsm, line 127: TypeError: cache is undefined
JavaScript error: resource://activity-stream/lib/Screenshots.jsm, line 127: TypeError: cache is undefined
JavaScript error: resource://activity-stream/lib/Screenshots.jsm, line 127: TypeError: cache is undefined
JavaScript error: resource://activity-stream/lib/Screenshots.jsm, line 127: TypeError: cache is undefined
1643880990975	Marionette	INFO	Stopped listening on port 33571
1643881218013	mozrunner::runner	INFO	Running command: "/usr/bin/firefox" "-marionette" "-foreground" "-no-remote" "-profile" "/tmp/rust_mozprofilepvEKXL"
console.error: Enterprise Policies: 
  Error parsing JSON file

(firefox-esr:102069): Gtk-WARNING **: 09:40:19.053: Theme directory 48@2x/places of theme astica-dark has no size field


(firefox-esr:102069): Gtk-WARNING **: 09:40:19.074: Theme directory 48/places of theme astica has no size field


(firefox-esr:102069): Gtk-WARNING **: 09:40:19.090: Theme directory 48@2x/places of theme astica has no size field

JavaScript error: resource://activity-stream/lib/Screenshots.jsm, line 127: TypeError: cache is undefined
JavaScript error: resource://activity-stream/lib/Screenshots.jsm, line 127: TypeError: cache is undefined
JavaScript error: resource://activity-stream/lib/Screenshots.jsm, line 127: TypeError: cache is undefined
JavaScript error: resource://activity-stream/lib/Screenshots.jsm, line 127: TypeError: cache is undefined
JavaScript error: resource://activity-stream/lib/Screenshots.jsm, line 127: TypeError: cache is undefined
1643881221381	Marionette	INFO	Listening on port 44331
1643881221404	Marionette	WARN	TLS certificate errors will be ignored for this session
JavaScript error: resource://activity-stream/lib/Screenshots.jsm, line 127: TypeError: cache is undefined
JavaScript error: resource://activity-stream/lib/Screenshots.jsm, line 127: TypeError: cache is undefined
JavaScript error: resource://activity-stream/lib/Screenshots.jsm, line 127: TypeError: cache is undefined
JavaScript error: resource://activity-stream/lib/Screenshots.jsm, line 127: TypeError: cache is undefined
JavaScript error: resource://activity-stream/lib/Screenshots.jsm, line 127: TypeError: cache is undefined
JavaScript error: resource://activity-stream/lib/Screenshots.jsm, line 127: TypeError: cache is undefined
JavaScript error: resource://activity-stream/lib/Screenshots.jsm, line 127: TypeError: cache is undefined
JavaScript error: resource://activity-stream/lib/Screenshots.jsm, line 127: TypeError: cache is undefined
JavaScript error: resource://activity-stream/lib/Screenshots.jsm, line 127: TypeError: cache is undefined
JavaScript error: resource://activity-stream/lib/Screenshots.jsm, line 127: TypeError: cache is undefined
JavaScript error: resource://activity-stream/lib/Screenshots.jsm, line 127: TypeError: cache is undefined
JavaScript error: resource://activity-stream/lib/Screenshots.jsm, line 127: TypeError: cache is undefined
JavaScript error: resource://activity-stream/lib/Screenshots.jsm, line 127: TypeError: cache is undefined
JavaScript error: resource://activity-stream/lib/Screenshots.jsm, line 127: TypeError: cache is undefined
JavaScript error: resource://activity-stream/lib/Screenshots.jsm, line 127: TypeError: cache is undefined
JavaScript error: resource://activity-stream/lib/Screenshots.jsm, line 127: TypeError: cache is undefined
JavaScript error: resource://activity-stream/lib/Screenshots.jsm, line 127: TypeError: cache is undefined
JavaScript error: resource://activity-stream/lib/Screenshots.jsm, line 127: TypeError: cache is undefined
JavaScript error: resource://activity-stream/lib/Screenshots.jsm, line 127: TypeError: cache is undefined
JavaScript error: resource://activity-stream/lib/Screenshots.jsm, line 127: TypeError: cache is undefined
JavaScript error: resource://activity-stream/lib/Screenshots.jsm, line 127: TypeError: cache is undefined
JavaScript error: resource://activity-stream/lib/Screenshots.jsm, line 127: TypeError: cache is undefined
JavaScript error: resource://activity-stream/lib/Screenshots.jsm, line 127: TypeError: cache is undefined
JavaScript error: resource://activity-stream/lib/Screenshots.jsm, line 127: TypeError: cache is undefined
JavaScript error: resource://activity-stream/lib/Screenshots.jsm, line 127: TypeError: cache is undefined
JavaScript error: resource://activity-stream/lib/Screenshots.jsm, line 127: TypeError: cache is undefined
JavaScript error: resource://activity-stream/lib/Screenshots.jsm, line 127: TypeError: cache is undefined
JavaScript error: resource://activity-stream/lib/Screenshots.jsm, line 127: TypeError: cache is undefined
JavaScript error: resource://activity-stream/lib/Screenshots.jsm, line 127: TypeError: cache is undefined
JavaScript error: resource://activity-stream/lib/Screenshots.jsm, line 127: TypeError: cache is undefined
1643881228019	Marionette	INFO	Stopped listening on port 44331
JavaScript error: resource://gre/modules/UrlClassifierListManager.jsm, line 446: NS_ERROR_NOT_INITIALIZED: Component returned failure code: 0xc1f30001 (NS_ERROR_NOT_INITIALIZED) [nsIUrlClassifierDBService.getTables]
1643896102524	mozrunner::runner	INFO	Running command: "/usr/bin/firefox" "-marionette" "-foreground" "-no-remote" "-profile" "/tmp/rust_mozprofileT6OisV"
console.error: Enterprise Policies: 
  Error parsing JSON file

(firefox-esr:115091): Gtk-WARNING **: 13:48:23.655: Theme directory 48@2x/places of theme astica-dark has no size field


(firefox-esr:115091): Gtk-WARNING **: 13:48:23.674: Theme directory 48/places of theme astica has no size field


(firefox-esr:115091): Gtk-WARNING **: 13:48:23.695: Theme directory 48@2x/places of theme astica has no size field

JavaScript error: resource://activity-stream/lib/Screenshots.jsm, line 127: TypeError: cache is undefined
JavaScript error: resource://activity-stream/lib/Screenshots.jsm, line 127: TypeError: cache is undefined
JavaScript error: resource://activity-stream/lib/Screenshots.jsm, line 127: TypeError: cache is undefined
JavaScript error: resource://activity-stream/lib/Screenshots.jsm, line 127: TypeError: cache is undefined
JavaScript error: resource://activity-stream/lib/Screenshots.jsm, line 127: TypeError: cache is undefined
1643896106247	Marionette	INFO	Listening on port 33377
1643896106345	Marionette	WARN	TLS certificate errors will be ignored for this session
JavaScript error: resource://activity-stream/lib/Screenshots.jsm, line 127: TypeError: cache is undefined
JavaScript error: resource://activity-stream/lib/Screenshots.jsm, line 127: TypeError: cache is undefined
JavaScript error: resource://activity-stream/lib/Screenshots.jsm, line 127: TypeError: cache is undefined
JavaScript error: resource://activity-stream/lib/Screenshots.jsm, line 127: TypeError: cache is undefined
JavaScript error: resource://activity-stream/lib/Screenshots.jsm, line 127: TypeError: cache is undefined
1643896107932	Marionette	INFO	Stopped listening on port 33377
console.error: services.settings: 
  main/fxmonitor-breaches Signature failed  TypeError: NetworkError when attempting to fetch resource.
console.error: services.settings: 
  main/cfr Signature failed  TypeError: NetworkError when attempting to fetch resource.
console.error: Region.jsm: "Failed to fetch region" (new TypeError("NetworkError when attempting to fetch resource.", ""))
1643896278041	mozrunner::runner	INFO	Running command: "/usr/bin/firefox" "-marionette" "-foreground" "-no-remote" "-profile" "/tmp/rust_mozprofileA35k1A"
console.error: Enterprise Policies: 
  Error parsing JSON file

(firefox-esr:116108): Gtk-WARNING **: 13:51:19.069: Theme directory 48@2x/places of theme astica-dark has no size field


(firefox-esr:116108): Gtk-WARNING **: 13:51:19.092: Theme directory 48/places of theme astica has no size field


(firefox-esr:116108): Gtk-WARNING **: 13:51:19.112: Theme directory 48@2x/places of theme astica has no size field

JavaScript error: resource://activity-stream/lib/Screenshots.jsm, line 127: TypeError: cache is undefined
JavaScript error: resource://activity-stream/lib/Screenshots.jsm, line 127: TypeError: cache is undefined
JavaScript error: resource://activity-stream/lib/Screenshots.jsm, line 127: TypeError: cache is undefined
JavaScript error: resource://activity-stream/lib/Screenshots.jsm, line 127: TypeError: cache is undefined
JavaScript error: resource://activity-stream/lib/Screenshots.jsm, line 127: TypeError: cache is undefined
1643896281364	Marionette	INFO	Listening on port 37749
1643896281445	Marionette	WARN	TLS certificate errors will be ignored for this session
JavaScript error: resource://activity-stream/lib/Screenshots.jsm, line 127: TypeError: cache is undefined
JavaScript error: resource://activity-stream/lib/Screenshots.jsm, line 127: TypeError: cache is undefined
JavaScript error: resource://activity-stream/lib/Screenshots.jsm, line 127: TypeError: cache is undefined
JavaScript error: resource://activity-stream/lib/Screenshots.jsm, line 127: TypeError: cache is undefined
JavaScript error: resource://activity-stream/lib/Screenshots.jsm, line 127: TypeError: cache is undefined
JavaScript error: resource://activity-stream/lib/Screenshots.jsm, line 127: TypeError: cache is undefined
JavaScript error: resource://activity-stream/lib/Screenshots.jsm, line 127: TypeError: cache is undefined
JavaScript error: resource://activity-stream/lib/Screenshots.jsm, line 127: TypeError: cache is undefined
JavaScript error: resource://activity-stream/lib/Screenshots.jsm, line 127: TypeError: cache is undefined
JavaScript error: resource://activity-stream/lib/Screenshots.jsm, line 127: TypeError: cache is undefined
JavaScript error: resource://activity-stream/lib/Screenshots.jsm, line 127: TypeError: cache is undefined
JavaScript error: resource://activity-stream/lib/Screenshots.jsm, line 127: TypeError: cache is undefined
JavaScript error: resource://activity-stream/lib/Screenshots.jsm, line 127: TypeError: cache is undefined
JavaScript error: resource://activity-stream/lib/Screenshots.jsm, line 127: TypeError: cache is undefined
JavaScript error: resource://activity-stream/lib/Screenshots.jsm, line 127: TypeError: cache is undefined
JavaScript error: resource://activity-stream/lib/Screenshots.jsm, line 127: TypeError: cache is undefined
JavaScript error: resource://activity-stream/lib/Screenshots.jsm, line 127: TypeError: cache is undefined
JavaScript error: resource://activity-stream/lib/Screenshots.jsm, line 127: TypeError: cache is undefined
JavaScript error: resource://activity-stream/lib/Screenshots.jsm, line 127: TypeError: cache is undefined
JavaScript error: resource://activity-stream/lib/Screenshots.jsm, line 127: TypeError: cache is undefined
JavaScript error: resource://activity-stream/lib/Screenshots.jsm, line 127: TypeError: cache is undefined
JavaScript error: resource://activity-stream/lib/Screenshots.jsm, line 127: TypeError: cache is undefined
JavaScript error: resource://activity-stream/lib/Screenshots.jsm, line 127: TypeError: cache is undefined
JavaScript error: resource://activity-stream/lib/Screenshots.jsm, line 127: TypeError: cache is undefined
JavaScript error: resource://activity-stream/lib/Screenshots.jsm, line 127: TypeError: cache is undefined
JavaScript error: resource://activity-stream/lib/Screenshots.jsm, line 127: TypeError: cache is undefined
JavaScript error: resource://activity-stream/lib/Screenshots.jsm, line 127: TypeError: cache is undefined
JavaScript error: resource://activity-stream/lib/Screenshots.jsm, line 127: TypeError: cache is undefined
JavaScript error: resource://activity-stream/lib/Screenshots.jsm, line 127: TypeError: cache is undefined
JavaScript error: resource://activity-stream/lib/Screenshots.jsm, line 127: TypeError: cache is undefined
1643896288243	Marionette	INFO	Stopped listening on port 37749
1643896497556	mozrunner::runner	INFO	Running command: "/usr/bin/firefox" "-marionette" "-foreground" "-no-remote" "-profile" "/tmp/rust_mozprofilem6MpXb"
console.error: Enterprise Policies: 
  Error parsing JSON file

(firefox-esr:116470): Gtk-WARNING **: 13:54:58.334: Theme directory 48@2x/places of theme astica-dark has no size field


(firefox-esr:116470): Gtk-WARNING **: 13:54:58.351: Theme directory 48/places of theme astica has no size field


(firefox-esr:116470): Gtk-WARNING **: 13:54:58.372: Theme directory 48@2x/places of theme astica has no size field

JavaScript error: resource://activity-stream/lib/Screenshots.jsm, line 127: TypeError: cache is undefined
JavaScript error: resource://activity-stream/lib/Screenshots.jsm, line 127: TypeError: cache is undefined
JavaScript error: resource://activity-stream/lib/Screenshots.jsm, line 127: TypeError: cache is undefined
JavaScript error: resource://activity-stream/lib/Screenshots.jsm, line 127: TypeError: cache is undefined
JavaScript error: resource://activity-stream/lib/Screenshots.jsm, line 127: TypeError: cache is undefined
1643896500590	Marionette	INFO	Listening on port 39255
1643896500616	Marionette	WARN	TLS certificate errors will be ignored for this session
JavaScript error: resource://activity-stream/lib/Screenshots.jsm, line 127: TypeError: cache is undefined
JavaScript error: resource://activity-stream/lib/Screenshots.jsm, line 127: TypeError: cache is undefined
JavaScript error: resource://activity-stream/lib/Screenshots.jsm, line 127: TypeError: cache is undefined
JavaScript error: resource://activity-stream/lib/Screenshots.jsm, line 127: TypeError: cache is undefined
JavaScript error: resource://activity-stream/lib/Screenshots.jsm, line 127: TypeError: cache is undefined
JavaScript error: resource://activity-stream/lib/Screenshots.jsm, line 127: TypeError: cache is undefined
JavaScript error: resource://activity-stream/lib/Screenshots.jsm, line 127: TypeError: cache is undefined
JavaScript error: resource://activity-stream/lib/Screenshots.jsm, line 127: TypeError: cache is undefined
JavaScript error: resource://activity-stream/lib/Screenshots.jsm, line 127: TypeError: cache is undefined
JavaScript error: resource://activity-stream/lib/Screenshots.jsm, line 127: TypeError: cache is undefined
JavaScript error: resource://activity-stream/lib/Screenshots.jsm, line 127: TypeError: cache is undefined
JavaScript error: resource://activity-stream/lib/Screenshots.jsm, line 127: TypeError: cache is undefined
JavaScript error: resource://activity-stream/lib/Screenshots.jsm, line 127: TypeError: cache is undefined
JavaScript error: resource://activity-stream/lib/Screenshots.jsm, line 127: TypeError: cache is undefined
JavaScript error: resource://activity-stream/lib/Screenshots.jsm, line 127: TypeError: cache is undefined
JavaScript error: resource://activity-stream/lib/Screenshots.jsm, line 127: TypeError: cache is undefined
JavaScript error: resource://activity-stream/lib/Screenshots.jsm, line 127: TypeError: cache is undefined
JavaScript error: resource://activity-stream/lib/Screenshots.jsm, line 127: TypeError: cache is undefined
JavaScript error: resource://activity-stream/lib/Screenshots.jsm, line 127: TypeError: cache is undefined
JavaScript error: resource://activity-stream/lib/Screenshots.jsm, line 127: TypeError: cache is undefined
JavaScript error: resource://activity-stream/lib/Screenshots.jsm, line 127: TypeError: cache is undefined
JavaScript error: resource://activity-stream/lib/Screenshots.jsm, line 127: TypeError: cache is undefined
JavaScript error: resource://activity-stream/lib/Screenshots.jsm, line 127: TypeError: cache is undefined
JavaScript error: resource://activity-stream/lib/Screenshots.jsm, line 127: TypeError: cache is undefined
JavaScript error: resource://activity-stream/lib/Screenshots.jsm, line 127: TypeError: cache is undefined
JavaScript error: resource://activity-stream/lib/Screenshots.jsm, line 127: TypeError: cache is undefined
JavaScript error: resource://activity-stream/lib/Screenshots.jsm, line 127: TypeError: cache is undefined
JavaScript error: resource://activity-stream/lib/Screenshots.jsm, line 127: TypeError: cache is undefined
JavaScript error: resource://activity-stream/lib/Screenshots.jsm, line 127: TypeError: cache is undefined
JavaScript error: resource://activity-stream/lib/Screenshots.jsm, line 127: TypeError: cache is undefined
1643896507242	Marionette	INFO	Stopped listening on port 39255
1643896573327	mozrunner::runner	INFO	Running command: "/usr/bin/firefox" "-marionette" "-foreground" "-no-remote" "-profile" "/tmp/rust_mozprofilejRTjAO"
console.error: Enterprise Policies: 
  Error parsing JSON file

(firefox-esr:116736): Gtk-WARNING **: 13:56:14.287: Theme directory 48@2x/places of theme astica-dark has no size field


(firefox-esr:116736): Gtk-WARNING **: 13:56:14.308: Theme directory 48/places of theme astica has no size field


(firefox-esr:116736): Gtk-WARNING **: 13:56:14.329: Theme directory 48@2x/places of theme astica has no size field

1643896575339	mozrunner::runner	INFO	Running command: "/usr/bin/firefox" "-marionette" "-foreground" "-no-remote" "-profile" "/tmp/rust_mozprofile9z7RpZ"
console.error: Enterprise Policies: 
  Error parsing JSON file

(firefox-esr:116848): Gtk-WARNING **: 13:56:16.899: Theme directory 48@2x/places of theme astica-dark has no size field


(firefox-esr:116848): Gtk-WARNING **: 13:56:16.931: Theme directory 48/places of theme astica has no size field


(firefox-esr:116848): Gtk-WARNING **: 13:56:16.966: Theme directory 48@2x/places of theme astica has no size field

JavaScript error: resource://activity-stream/lib/Screenshots.jsm, line 127: TypeError: cache is undefined
JavaScript error: resource://activity-stream/lib/Screenshots.jsm, line 127: TypeError: cache is undefined
JavaScript error: resource://activity-stream/lib/Screenshots.jsm, line 127: TypeError: cache is undefined
JavaScript error: resource://activity-stream/lib/Screenshots.jsm, line 127: TypeError: cache is undefined
JavaScript error: resource://activity-stream/lib/Screenshots.jsm, line 127: TypeError: cache is undefined
1643896578232	Marionette	INFO	Listening on port 35549
1643896578319	Marionette	WARN	TLS certificate errors will be ignored for this session
JavaScript error: resource://activity-stream/lib/Screenshots.jsm, line 127: TypeError: cache is undefined
JavaScript error: resource://activity-stream/lib/Screenshots.jsm, line 127: TypeError: cache is undefined
JavaScript error: resource://activity-stream/lib/Screenshots.jsm, line 127: TypeError: cache is undefined
JavaScript error: resource://activity-stream/lib/Screenshots.jsm, line 127: TypeError: cache is undefined
JavaScript error: resource://activity-stream/lib/Screenshots.jsm, line 127: TypeError: cache is undefined
JavaScript error: resource://activity-stream/lib/Screenshots.jsm, line 127: TypeError: cache is undefined
JavaScript error: resource://activity-stream/lib/Screenshots.jsm, line 127: TypeError: cache is undefined
JavaScript error: resource://activity-stream/lib/Screenshots.jsm, line 127: TypeError: cache is undefined
JavaScript error: resource://activity-stream/lib/Screenshots.jsm, line 127: TypeError: cache is undefined
JavaScript error: resource://activity-stream/lib/Screenshots.jsm, line 127: TypeError: cache is undefined
JavaScript error: resource://activity-stream/lib/Screenshots.jsm, line 127: TypeError: cache is undefined
JavaScript error: resource://activity-stream/lib/Screenshots.jsm, line 127: TypeError: cache is undefined
JavaScript error: resource://activity-stream/lib/Screenshots.jsm, line 127: TypeError: cache is undefined
JavaScript error: resource://activity-stream/lib/Screenshots.jsm, line 127: TypeError: cache is undefined
JavaScript error: resource://activity-stream/lib/Screenshots.jsm, line 127: TypeError: cache is undefined
JavaScript error: resource://activity-stream/lib/Screenshots.jsm, line 127: TypeError: cache is undefined
JavaScript error: resource://activity-stream/lib/Screenshots.jsm, line 127: TypeError: cache is undefined
JavaScript error: resource://activity-stream/lib/Screenshots.jsm, line 127: TypeError: cache is undefined
JavaScript error: resource://activity-stream/lib/Screenshots.jsm, line 127: TypeError: cache is undefined
JavaScript error: resource://activity-stream/lib/Screenshots.jsm, line 127: TypeError: cache is undefined
JavaScript error: resource://activity-stream/lib/Screenshots.jsm, line 127: TypeError: cache is undefined
JavaScript error: resource://activity-stream/lib/Screenshots.jsm, line 127: TypeError: cache is undefined
JavaScript error: resource://activity-stream/lib/Screenshots.jsm, line 127: TypeError: cache is undefined
JavaScript error: resource://activity-stream/lib/Screenshots.jsm, line 127: TypeError: cache is undefined
JavaScript error: resource://activity-stream/lib/Screenshots.jsm, line 127: TypeError: cache is undefined
JavaScript error: resource://activity-stream/lib/Screenshots.jsm, line 127: TypeError: cache is undefined
JavaScript error: resource://activity-stream/lib/Screenshots.jsm, line 127: TypeError: cache is undefined
JavaScript error: resource://activity-stream/lib/Screenshots.jsm, line 127: TypeError: cache is undefined
JavaScript error: resource://activity-stream/lib/Screenshots.jsm, line 127: TypeError: cache is undefined
JavaScript error: resource://activity-stream/lib/Screenshots.jsm, line 127: TypeError: cache is undefined
1643896580466	Marionette	INFO	Stopped listening on port 35549
console.error: services.settings: 
  main/fxmonitor-breaches Signature failed  TypeError: NetworkError when attempting to fetch resource.
console.error: services.settings: 
  main/cfr Signature failed  TypeError: NetworkError when attempting to fetch resource.
JavaScript error: resource://activity-stream/lib/Screenshots.jsm, line 127: TypeError: cache is undefined
JavaScript error: resource://activity-stream/lib/Screenshots.jsm, line 127: TypeError: cache is undefined
JavaScript error: resource://activity-stream/lib/Screenshots.jsm, line 127: TypeError: cache is undefined
JavaScript error: resource://activity-stream/lib/Screenshots.jsm, line 127: TypeError: cache is undefined
JavaScript error: resource://activity-stream/lib/Screenshots.jsm, line 127: TypeError: cache is undefined
1643896581692	Marionette	INFO	Listening on port 34793
1643896581792	Marionette	WARN	TLS certificate errors will be ignored for this session
JavaScript error: resource://activity-stream/lib/Screenshots.jsm, line 127: TypeError: cache is undefined
JavaScript error: resource://activity-stream/lib/Screenshots.jsm, line 127: TypeError: cache is undefined
JavaScript error: resource://activity-stream/lib/Screenshots.jsm, line 127: TypeError: cache is undefined
JavaScript error: resource://activity-stream/lib/Screenshots.jsm, line 127: TypeError: cache is undefined
JavaScript error: resource://activity-stream/lib/Screenshots.jsm, line 127: TypeError: cache is undefined
JavaScript error: resource://activity-stream/lib/Screenshots.jsm, line 127: TypeError: cache is undefined
JavaScript error: resource://activity-stream/lib/Screenshots.jsm, line 127: TypeError: cache is undefined
JavaScript error: resource://activity-stream/lib/Screenshots.jsm, line 127: TypeError: cache is undefined
JavaScript error: resource://activity-stream/lib/Screenshots.jsm, line 127: TypeError: cache is undefined
JavaScript error: resource://activity-stream/lib/Screenshots.jsm, line 127: TypeError: cache is undefined
JavaScript error: resource://activity-stream/lib/Screenshots.jsm, line 127: TypeError: cache is undefined
JavaScript error: resource://activity-stream/lib/Screenshots.jsm, line 127: TypeError: cache is undefined
JavaScript error: resource://activity-stream/lib/Screenshots.jsm, line 127: TypeError: cache is undefined
JavaScript error: resource://activity-stream/lib/Screenshots.jsm, line 127: TypeError: cache is undefined
JavaScript error: resource://activity-stream/lib/Screenshots.jsm, line 127: TypeError: cache is undefined
JavaScript error: resource://activity-stream/lib/Screenshots.jsm, line 127: TypeError: cache is undefined
JavaScript error: resource://activity-stream/lib/Screenshots.jsm, line 127: TypeError: cache is undefined
JavaScript error: resource://activity-stream/lib/Screenshots.jsm, line 127: TypeError: cache is undefined
JavaScript error: resource://activity-stream/lib/Screenshots.jsm, line 127: TypeError: cache is undefined
JavaScript error: resource://activity-stream/lib/Screenshots.jsm, line 127: TypeError: cache is undefined
JavaScript error: resource://activity-stream/lib/Screenshots.jsm, line 127: TypeError: cache is undefined
JavaScript error: resource://activity-stream/lib/Screenshots.jsm, line 127: TypeError: cache is undefined
JavaScript error: resource://activity-stream/lib/Screenshots.jsm, line 127: TypeError: cache is undefined
JavaScript error: resource://activity-stream/lib/Screenshots.jsm, line 127: TypeError: cache is undefined
JavaScript error: resource://activity-stream/lib/Screenshots.jsm, line 127: TypeError: cache is undefined
JavaScript error: resource://activity-stream/lib/Screenshots.jsm, line 127: TypeError: cache is undefined
JavaScript error: resource://activity-stream/lib/Screenshots.jsm, line 127: TypeError: cache is undefined
JavaScript error: resource://activity-stream/lib/Screenshots.jsm, line 127: TypeError: cache is undefined
JavaScript error: resource://activity-stream/lib/Screenshots.jsm, line 127: TypeError: cache is undefined
JavaScript error: resource://activity-stream/lib/Screenshots.jsm, line 127: TypeError: cache is undefined
1643896589074	Marionette	INFO	Stopped listening on port 34793
geckodriver: error: Found argument '--websocket-port' which wasn't expected, or isn't valid in this context

USAGE:
    geckodriver [FLAGS] [OPTIONS]

For more information try --help

